2025-04-23 19:10:18,527 - data_loader - INFO - Loading data from train.csv
2025-04-23 19:10:18,536 - data_loader - INFO - Initial data shape: (1567, 29)
2025-04-23 19:10:18,536 - data_loader - INFO - Columns: ID, Year_Birth, Education, Marital_Status, Income, Kidhome, Teenhome, Dt_Customer, Recency, MntWines, MntFruits, MntMeatProducts, MntFishProducts, MntSweetProducts, MntGoldProds, NumDealsPurchases, NumWebPurchases, NumCatalogPurchases, NumStorePurchases, NumWebVisitsMonth, AcceptedCmp3, AcceptedCmp4, AcceptedCmp5, AcceptedCmp1, AcceptedCmp2, Complain, Z_CostContact, Z_Revenue, Target
2025-04-23 19:10:18,538 - data_loader - WARNING - Missing values detected:
Income             17
MntWines           23
MntMeatProducts     6
MntGoldProds       12
dtype: int64
2025-04-23 19:10:18,538 - data_loader - INFO - Converting Dt_Customer to datetime
2025-04-23 19:10:18,543 - data_loader - WARNING - Found 919 missing dates. Filling with median: 2013-06-10 00:00:00
2025-04-23 19:10:18,543 - data_loader - INFO - Creating Days_Since_Registration feature
2025-04-23 19:10:18,545 - data_loader - INFO - Filling 17 missing Income values with median
2025-04-23 19:10:18,545 - data_loader - INFO - Processing categorical column: Education
2025-04-23 19:10:18,545 - data_loader - INFO - Processing categorical column: Marital_Status
2025-04-23 19:10:18,546 - data_loader - WARNING - Capping 8 outliers in Income at 102002.30000000002
2025-04-23 19:10:18,547 - data_loader - WARNING - Found 3 unreasonable birth years. Capping between 1925 and 2007
2025-04-23 19:10:18,549 - data_loader - WARNING - There are still 41 missing values in the dataset
2025-04-23 19:10:18,552 - data_loader - INFO - Final data shape: (1567, 29)
2025-04-23 19:10:18,552 - data_loader - INFO - Missing values after preprocessing: 0
2025-04-23 19:10:18,553 - data_loader - INFO - Loading data from test.csv
2025-04-23 19:10:18,556 - data_loader - INFO - Initial data shape: (673, 28)
2025-04-23 19:10:18,556 - data_loader - INFO - Columns: ID, Year_Birth, Education, Marital_Status, Income, Kidhome, Teenhome, Dt_Customer, Recency, MntWines, MntFruits, MntMeatProducts, MntFishProducts, MntSweetProducts, MntGoldProds, NumDealsPurchases, NumWebPurchases, NumCatalogPurchases, NumStorePurchases, NumWebVisitsMonth, AcceptedCmp3, AcceptedCmp4, AcceptedCmp5, AcceptedCmp1, AcceptedCmp2, Complain, Z_CostContact, Z_Revenue
2025-04-23 19:10:18,557 - data_loader - WARNING - Missing values detected:
Income              7
MntWines           12
MntMeatProducts     9
MntGoldProds        7
dtype: int64
2025-04-23 19:10:18,557 - data_loader - INFO - Converting Dt_Customer to datetime
2025-04-23 19:10:18,560 - data_loader - WARNING - Found 268 missing dates. Filling with median: 2013-07-13 00:00:00
2025-04-23 19:10:18,560 - data_loader - INFO - Creating Days_Since_Registration feature
2025-04-23 19:10:18,561 - data_loader - INFO - Filling 7 missing Income values with median
2025-04-23 19:10:18,561 - data_loader - INFO - Processing categorical column: Education
2025-04-23 19:10:18,561 - data_loader - INFO - Processing categorical column: Marital_Status
2025-04-23 19:10:18,562 - data_loader - WARNING - Capping 4 outliers in Income at 107665.11999999976
2025-04-23 19:10:18,563 - data_loader - WARNING - There are still 28 missing values in the dataset
2025-04-23 19:10:18,565 - data_loader - INFO - Final data shape: (673, 28)
2025-04-23 19:10:18,565 - data_loader - INFO - Missing values after preprocessing: 0
2025-04-23 19:10:18,566 - feature_engineering - INFO - Feature Engineer initialized
2025-04-23 19:10:18,566 - feature_engineering - INFO - Fitting Feature Engineer
2025-04-23 19:10:18,566 - feature_engineering - INFO - Transforming data with Feature Engineer
2025-04-23 19:10:18,566 - feature_engineering - INFO - Input data shape: (1567, 29)
2025-04-23 19:10:18,567 - feature_engineering - INFO - Engineering demographic features
2025-04-23 19:10:18,568 - feature_engineering - INFO - Engineering purchase behavior features
2025-04-23 19:10:18,570 - feature_engineering - INFO - Engineering purchase channel features
2025-04-23 19:10:18,571 - feature_engineering - INFO - Engineering campaign features
2025-04-23 19:10:18,571 - feature_engineering - INFO - Engineering loyalty and engagement features
2025-04-23 19:10:18,572 - feature_engineering - INFO - One-hot encoding categorical features
2025-04-23 19:10:18,572 - feature_engineering - INFO - One-hot encoding Education
2025-04-23 19:10:18,573 - feature_engineering - INFO - One-hot encoding Marital_Status
2025-04-23 19:10:18,574 - feature_engineering - INFO - Creating interaction features
2025-04-23 19:10:18,574 - feature_engineering - INFO - Dropping redundant features
2025-04-23 19:10:18,575 - feature_engineering - INFO - Output data shape: (1567, 65)
2025-04-23 19:10:18,575 - feature_engineering - INFO - Engineered features: {'Marital_Status_Together', 'WebEngagement_x_Age', 'WebEngagementRatio', 'Education_Unknown', 'Marital_Status_Married', 'SpendingVolatility', 'SweetProductsRatio', 'StoreRatio', 'FruitsRatio', 'Age', 'WebRatio', 'CampaignAcceptanceRate', 'Marital_Status_Divorced', 'TotalPurchases', 'SpentPerPerson', 'Education_Basic', 'Marital_Status_Unknown', 'PurchaseFrequency', 'TotalAcceptedCampaigns', 'MeatProductsRatio', 'Age_x_Income', 'ChildAdultRatio', 'HasChildren', 'Education_Graduation', 'Marital_Status_Widow', 'WinesRatio', 'CatalogRatio', 'Education_Master', 'TenureYears', 'RecencyRatio', 'AvgBasketSize', 'Education_PhD', 'DealRatio', 'FamilySize', 'IncomePerMember', 'TotalSpent', 'GoldProdsRatio', 'Marital_Status_Single', 'FishProductsRatio'}
2025-04-23 19:10:18,575 - feature_engineering - INFO - Transforming data with Feature Engineer
2025-04-23 19:10:18,575 - feature_engineering - INFO - Input data shape: (673, 28)
2025-04-23 19:10:18,576 - feature_engineering - INFO - Engineering demographic features
2025-04-23 19:10:18,577 - feature_engineering - INFO - Engineering purchase behavior features
2025-04-23 19:10:18,578 - feature_engineering - INFO - Engineering purchase channel features
2025-04-23 19:10:18,579 - feature_engineering - INFO - Engineering campaign features
2025-04-23 19:10:18,580 - feature_engineering - INFO - Engineering loyalty and engagement features
2025-04-23 19:10:18,581 - feature_engineering - INFO - One-hot encoding categorical features
2025-04-23 19:10:18,581 - feature_engineering - INFO - One-hot encoding Education
2025-04-23 19:10:18,582 - feature_engineering - INFO - One-hot encoding Marital_Status
2025-04-23 19:10:18,582 - feature_engineering - INFO - Creating interaction features
2025-04-23 19:10:18,582 - feature_engineering - INFO - Dropping redundant features
2025-04-23 19:10:18,583 - feature_engineering - INFO - Output data shape: (673, 65)
2025-04-23 19:10:18,583 - feature_engineering - INFO - Engineered features: {'Marital_Status_Together', 'WebEngagement_x_Age', 'WebEngagementRatio', 'Education_Unknown', 'Marital_Status_Married', 'SpendingVolatility', 'Marital_Status_YOLO', 'SweetProductsRatio', 'StoreRatio', 'FruitsRatio', 'Age', 'WebRatio', 'CampaignAcceptanceRate', 'Marital_Status_Divorced', 'TotalPurchases', 'SpentPerPerson', 'Education_Basic', 'Marital_Status_Unknown', 'PurchaseFrequency', 'TotalAcceptedCampaigns', 'MeatProductsRatio', 'Age_x_Income', 'ChildAdultRatio', 'HasChildren', 'Education_Graduation', 'Marital_Status_Widow', 'WinesRatio', 'CatalogRatio', 'Education_Master', 'TenureYears', 'RecencyRatio', 'AvgBasketSize', 'Education_PhD', 'DealRatio', 'FamilySize', 'IncomePerMember', 'TotalSpent', 'GoldProdsRatio', 'Marital_Status_Single', 'FishProductsRatio'}
2025-04-23 19:10:42,381 - data_loader - INFO - Loading data from train.csv
2025-04-23 19:10:42,390 - data_loader - INFO - Initial data shape: (1567, 29)
2025-04-23 19:10:42,391 - data_loader - INFO - Columns: ID, Year_Birth, Education, Marital_Status, Income, Kidhome, Teenhome, Dt_Customer, Recency, MntWines, MntFruits, MntMeatProducts, MntFishProducts, MntSweetProducts, MntGoldProds, NumDealsPurchases, NumWebPurchases, NumCatalogPurchases, NumStorePurchases, NumWebVisitsMonth, AcceptedCmp3, AcceptedCmp4, AcceptedCmp5, AcceptedCmp1, AcceptedCmp2, Complain, Z_CostContact, Z_Revenue, Target
2025-04-23 19:10:42,392 - data_loader - WARNING - Missing values detected:
Income             17
MntWines           23
MntMeatProducts     6
MntGoldProds       12
dtype: int64
2025-04-23 19:10:42,392 - data_loader - INFO - Converting Dt_Customer to datetime
2025-04-23 19:10:42,398 - data_loader - WARNING - Found 919 missing dates. Filling with median: 2013-06-10 00:00:00
2025-04-23 19:10:42,398 - data_loader - INFO - Creating Days_Since_Registration feature
2025-04-23 19:10:42,401 - data_loader - INFO - Filling 17 missing Income values with median
2025-04-23 19:10:42,402 - data_loader - INFO - Processing categorical column: Education
2025-04-23 19:10:42,402 - data_loader - INFO - Processing categorical column: Marital_Status
2025-04-23 19:10:42,403 - data_loader - WARNING - Capping 8 outliers in Income at 102002.30000000002
2025-04-23 19:10:42,403 - data_loader - WARNING - Found 3 unreasonable birth years. Capping between 1925 and 2007
2025-04-23 19:10:42,406 - data_loader - WARNING - There are still 41 missing values in the dataset
2025-04-23 19:10:42,409 - data_loader - INFO - Final data shape: (1567, 29)
2025-04-23 19:10:42,409 - data_loader - INFO - Missing values after preprocessing: 0
2025-04-23 19:10:42,410 - data_loader - INFO - Loading data from test.csv
2025-04-23 19:10:42,413 - data_loader - INFO - Initial data shape: (673, 28)
2025-04-23 19:10:42,413 - data_loader - INFO - Columns: ID, Year_Birth, Education, Marital_Status, Income, Kidhome, Teenhome, Dt_Customer, Recency, MntWines, MntFruits, MntMeatProducts, MntFishProducts, MntSweetProducts, MntGoldProds, NumDealsPurchases, NumWebPurchases, NumCatalogPurchases, NumStorePurchases, NumWebVisitsMonth, AcceptedCmp3, AcceptedCmp4, AcceptedCmp5, AcceptedCmp1, AcceptedCmp2, Complain, Z_CostContact, Z_Revenue
2025-04-23 19:10:42,414 - data_loader - WARNING - Missing values detected:
Income              7
MntWines           12
MntMeatProducts     9
MntGoldProds        7
dtype: int64
2025-04-23 19:10:42,414 - data_loader - INFO - Converting Dt_Customer to datetime
2025-04-23 19:10:42,417 - data_loader - WARNING - Found 268 missing dates. Filling with median: 2013-07-13 00:00:00
2025-04-23 19:10:42,417 - data_loader - INFO - Creating Days_Since_Registration feature
2025-04-23 19:10:42,418 - data_loader - INFO - Filling 7 missing Income values with median
2025-04-23 19:10:42,418 - data_loader - INFO - Processing categorical column: Education
2025-04-23 19:10:42,418 - data_loader - INFO - Processing categorical column: Marital_Status
2025-04-23 19:10:42,419 - data_loader - WARNING - Capping 4 outliers in Income at 107665.11999999976
2025-04-23 19:10:42,420 - data_loader - WARNING - There are still 28 missing values in the dataset
2025-04-23 19:10:42,422 - data_loader - INFO - Final data shape: (673, 28)
2025-04-23 19:10:42,423 - data_loader - INFO - Missing values after preprocessing: 0
2025-04-23 19:10:42,423 - feature_engineering - INFO - Feature Engineer initialized
2025-04-23 19:10:42,423 - feature_engineering - INFO - Fitting Feature Engineer
2025-04-23 19:10:42,423 - feature_engineering - INFO - Transforming data with Feature Engineer
2025-04-23 19:10:42,423 - feature_engineering - INFO - Input data shape: (1567, 29)
2025-04-23 19:10:42,424 - feature_engineering - INFO - Engineering demographic features
2025-04-23 19:10:42,426 - feature_engineering - INFO - Engineering purchase behavior features
2025-04-23 19:10:42,428 - feature_engineering - INFO - Engineering purchase channel features
2025-04-23 19:10:42,429 - feature_engineering - INFO - Engineering campaign features
2025-04-23 19:10:42,429 - feature_engineering - INFO - Engineering loyalty and engagement features
2025-04-23 19:10:42,430 - feature_engineering - INFO - One-hot encoding categorical features
2025-04-23 19:10:42,430 - feature_engineering - INFO - One-hot encoding Education
2025-04-23 19:10:42,431 - feature_engineering - INFO - One-hot encoding Marital_Status
2025-04-23 19:10:42,432 - feature_engineering - INFO - Creating interaction features
2025-04-23 19:10:42,432 - feature_engineering - INFO - Dropping redundant features
2025-04-23 19:10:42,433 - feature_engineering - INFO - Output data shape: (1567, 65)
2025-04-23 19:10:42,433 - feature_engineering - INFO - Engineered features: {'Education_PhD', 'ChildAdultRatio', 'IncomePerMember', 'WinesRatio', 'FruitsRatio', 'Marital_Status_Together', 'MeatProductsRatio', 'AvgBasketSize', 'Marital_Status_Unknown', 'DealRatio', 'Education_Basic', 'Education_Graduation', 'Marital_Status_Single', 'FamilySize', 'Education_Unknown', 'TenureYears', 'SpendingVolatility', 'TotalSpent', 'GoldProdsRatio', 'SpentPerPerson', 'TotalAcceptedCampaigns', 'Education_Master', 'PurchaseFrequency', 'Marital_Status_Widow', 'Marital_Status_Divorced', 'Marital_Status_Married', 'WebEngagementRatio', 'Age', 'WebRatio', 'StoreRatio', 'FishProductsRatio', 'HasChildren', 'SweetProductsRatio', 'WebEngagement_x_Age', 'Age_x_Income', 'TotalPurchases', 'CatalogRatio', 'RecencyRatio', 'CampaignAcceptanceRate'}
2025-04-23 19:10:42,433 - feature_engineering - INFO - Transforming data with Feature Engineer
2025-04-23 19:10:42,433 - feature_engineering - INFO - Input data shape: (673, 28)
2025-04-23 19:10:42,434 - feature_engineering - INFO - Engineering demographic features
2025-04-23 19:10:42,435 - feature_engineering - INFO - Engineering purchase behavior features
2025-04-23 19:10:42,436 - feature_engineering - INFO - Engineering purchase channel features
2025-04-23 19:10:42,437 - feature_engineering - INFO - Engineering campaign features
2025-04-23 19:10:42,438 - feature_engineering - INFO - Engineering loyalty and engagement features
2025-04-23 19:10:42,438 - feature_engineering - INFO - One-hot encoding categorical features
2025-04-23 19:10:42,439 - feature_engineering - INFO - One-hot encoding Education
2025-04-23 19:10:42,439 - feature_engineering - INFO - One-hot encoding Marital_Status
2025-04-23 19:10:42,440 - feature_engineering - INFO - Creating interaction features
2025-04-23 19:10:42,440 - feature_engineering - INFO - Dropping redundant features
2025-04-23 19:10:42,441 - feature_engineering - INFO - Output data shape: (673, 65)
2025-04-23 19:10:42,441 - feature_engineering - INFO - Engineered features: {'Education_PhD', 'ChildAdultRatio', 'IncomePerMember', 'WinesRatio', 'FruitsRatio', 'Marital_Status_Together', 'MeatProductsRatio', 'AvgBasketSize', 'Marital_Status_Unknown', 'DealRatio', 'Education_Basic', 'Education_Graduation', 'Marital_Status_Single', 'FamilySize', 'Marital_Status_YOLO', 'Education_Unknown', 'TenureYears', 'SpendingVolatility', 'TotalSpent', 'GoldProdsRatio', 'SpentPerPerson', 'TotalAcceptedCampaigns', 'Education_Master', 'PurchaseFrequency', 'Marital_Status_Widow', 'Marital_Status_Divorced', 'Marital_Status_Married', 'WebEngagementRatio', 'Age', 'WebRatio', 'StoreRatio', 'FishProductsRatio', 'HasChildren', 'SweetProductsRatio', 'WebEngagement_x_Age', 'Age_x_Income', 'TotalPurchases', 'CatalogRatio', 'RecencyRatio', 'CampaignAcceptanceRate'}
2025-04-23 19:11:40,230 - data_loader - INFO - Loading data from train.csv
2025-04-23 19:11:40,236 - data_loader - INFO - Initial data shape: (1567, 29)
2025-04-23 19:11:40,236 - data_loader - INFO - Columns: ID, Year_Birth, Education, Marital_Status, Income, Kidhome, Teenhome, Dt_Customer, Recency, MntWines, MntFruits, MntMeatProducts, MntFishProducts, MntSweetProducts, MntGoldProds, NumDealsPurchases, NumWebPurchases, NumCatalogPurchases, NumStorePurchases, NumWebVisitsMonth, AcceptedCmp3, AcceptedCmp4, AcceptedCmp5, AcceptedCmp1, AcceptedCmp2, Complain, Z_CostContact, Z_Revenue, Target
2025-04-23 19:11:40,237 - data_loader - WARNING - Missing values detected:
Income             17
MntWines           23
MntMeatProducts     6
MntGoldProds       12
dtype: int64
2025-04-23 19:11:40,237 - data_loader - INFO - Converting Dt_Customer to datetime
2025-04-23 19:11:40,240 - data_loader - WARNING - Found 919 missing dates. Filling with median: 2013-06-10 00:00:00
2025-04-23 19:11:40,240 - data_loader - INFO - Creating Days_Since_Registration feature
2025-04-23 19:11:40,241 - data_loader - INFO - Filling 17 missing Income values with median
2025-04-23 19:11:40,241 - data_loader - INFO - Processing categorical column: Education
2025-04-23 19:11:40,241 - data_loader - INFO - Processing categorical column: Marital_Status
2025-04-23 19:11:40,242 - data_loader - WARNING - Capping 8 outliers in Income at 102002.30000000002
2025-04-23 19:11:40,243 - data_loader - WARNING - Found 3 unreasonable birth years. Capping between 1925 and 2007
2025-04-23 19:11:40,244 - data_loader - WARNING - There are still 41 missing values in the dataset
2025-04-23 19:11:40,246 - data_loader - INFO - Final data shape: (1567, 29)
2025-04-23 19:11:40,247 - data_loader - INFO - Missing values after preprocessing: 0
2025-04-23 19:11:40,247 - data_loader - INFO - Loading data from test.csv
2025-04-23 19:11:40,250 - data_loader - INFO - Initial data shape: (673, 28)
2025-04-23 19:11:40,250 - data_loader - INFO - Columns: ID, Year_Birth, Education, Marital_Status, Income, Kidhome, Teenhome, Dt_Customer, Recency, MntWines, MntFruits, MntMeatProducts, MntFishProducts, MntSweetProducts, MntGoldProds, NumDealsPurchases, NumWebPurchases, NumCatalogPurchases, NumStorePurchases, NumWebVisitsMonth, AcceptedCmp3, AcceptedCmp4, AcceptedCmp5, AcceptedCmp1, AcceptedCmp2, Complain, Z_CostContact, Z_Revenue
2025-04-23 19:11:40,251 - data_loader - WARNING - Missing values detected:
Income              7
MntWines           12
MntMeatProducts     9
MntGoldProds        7
dtype: int64
2025-04-23 19:11:40,251 - data_loader - INFO - Converting Dt_Customer to datetime
2025-04-23 19:11:40,255 - data_loader - WARNING - Found 268 missing dates. Filling with median: 2013-07-13 00:00:00
2025-04-23 19:11:40,255 - data_loader - INFO - Creating Days_Since_Registration feature
2025-04-23 19:11:40,255 - data_loader - INFO - Filling 7 missing Income values with median
2025-04-23 19:11:40,255 - data_loader - INFO - Processing categorical column: Education
2025-04-23 19:11:40,256 - data_loader - INFO - Processing categorical column: Marital_Status
2025-04-23 19:11:40,257 - data_loader - WARNING - Capping 4 outliers in Income at 107665.11999999976
2025-04-23 19:11:40,257 - data_loader - WARNING - There are still 28 missing values in the dataset
2025-04-23 19:11:40,260 - data_loader - INFO - Final data shape: (673, 28)
2025-04-23 19:11:40,260 - data_loader - INFO - Missing values after preprocessing: 0
2025-04-23 19:11:40,261 - feature_engineering - INFO - Feature Engineer initialized
2025-04-23 19:11:40,261 - feature_engineering - INFO - Fitting Feature Engineer
2025-04-23 19:11:40,261 - feature_engineering - INFO - Transforming data with Feature Engineer
2025-04-23 19:11:40,261 - feature_engineering - INFO - Input data shape: (1567, 29)
2025-04-23 19:11:40,261 - feature_engineering - INFO - Engineering demographic features
2025-04-23 19:11:40,262 - feature_engineering - INFO - Engineering purchase behavior features
2025-04-23 19:11:40,264 - feature_engineering - INFO - Engineering purchase channel features
2025-04-23 19:11:40,265 - feature_engineering - INFO - Engineering campaign features
2025-04-23 19:11:40,266 - feature_engineering - INFO - Engineering loyalty and engagement features
2025-04-23 19:11:40,266 - feature_engineering - INFO - One-hot encoding categorical features
2025-04-23 19:11:40,266 - feature_engineering - INFO - One-hot encoding Education
2025-04-23 19:11:40,268 - feature_engineering - INFO - One-hot encoding Marital_Status
2025-04-23 19:11:40,268 - feature_engineering - INFO - Creating interaction features
2025-04-23 19:11:40,269 - feature_engineering - INFO - Dropping redundant features
2025-04-23 19:11:40,269 - feature_engineering - INFO - Output data shape: (1567, 65)
2025-04-23 19:11:40,269 - feature_engineering - INFO - Engineered features: {'SweetProductsRatio', 'Marital_Status_Widow', 'Education_Basic', 'Marital_Status_Married', 'GoldProdsRatio', 'Marital_Status_Together', 'TenureYears', 'StoreRatio', 'WebEngagementRatio', 'CatalogRatio', 'ChildAdultRatio', 'AvgBasketSize', 'MeatProductsRatio', 'TotalAcceptedCampaigns', 'Marital_Status_Unknown', 'PurchaseFrequency', 'TotalPurchases', 'WebRatio', 'TotalSpent', 'RecencyRatio', 'CampaignAcceptanceRate', 'SpendingVolatility', 'WinesRatio', 'Marital_Status_Divorced', 'Education_Unknown', 'WebEngagement_x_Age', 'SpentPerPerson', 'HasChildren', 'Age_x_Income', 'Age', 'Education_PhD', 'FamilySize', 'Education_Master', 'Marital_Status_Single', 'Education_Graduation', 'FishProductsRatio', 'DealRatio', 'IncomePerMember', 'FruitsRatio'}
2025-04-23 19:11:40,269 - feature_engineering - INFO - Transforming data with Feature Engineer
2025-04-23 19:11:40,269 - feature_engineering - INFO - Input data shape: (673, 28)
2025-04-23 19:11:40,270 - feature_engineering - INFO - Engineering demographic features
2025-04-23 19:11:40,271 - feature_engineering - INFO - Engineering purchase behavior features
2025-04-23 19:11:40,273 - feature_engineering - INFO - Engineering purchase channel features
2025-04-23 19:11:40,274 - feature_engineering - INFO - Engineering campaign features
2025-04-23 19:11:40,274 - feature_engineering - INFO - Engineering loyalty and engagement features
2025-04-23 19:11:40,275 - feature_engineering - INFO - One-hot encoding categorical features
2025-04-23 19:11:40,275 - feature_engineering - INFO - One-hot encoding Education
2025-04-23 19:11:40,276 - feature_engineering - INFO - One-hot encoding Marital_Status
2025-04-23 19:11:40,276 - feature_engineering - INFO - Creating interaction features
2025-04-23 19:11:40,277 - feature_engineering - INFO - Dropping redundant features
2025-04-23 19:11:40,277 - feature_engineering - INFO - Output data shape: (673, 65)
2025-04-23 19:11:40,277 - feature_engineering - INFO - Engineered features: {'SweetProductsRatio', 'Marital_Status_Widow', 'Education_Basic', 'Marital_Status_Married', 'GoldProdsRatio', 'Marital_Status_Together', 'TenureYears', 'StoreRatio', 'WebEngagementRatio', 'CatalogRatio', 'ChildAdultRatio', 'AvgBasketSize', 'MeatProductsRatio', 'TotalAcceptedCampaigns', 'Marital_Status_Unknown', 'PurchaseFrequency', 'TotalPurchases', 'WebRatio', 'TotalSpent', 'RecencyRatio', 'Marital_Status_YOLO', 'CampaignAcceptanceRate', 'SpendingVolatility', 'WinesRatio', 'Marital_Status_Divorced', 'Education_Unknown', 'WebEngagement_x_Age', 'SpentPerPerson', 'HasChildren', 'Age_x_Income', 'Age', 'Education_PhD', 'FamilySize', 'Education_Master', 'Marital_Status_Single', 'Education_Graduation', 'FishProductsRatio', 'DealRatio', 'IncomePerMember', 'FruitsRatio'}
2025-04-23 19:12:15,587 - data_loader - INFO - Loading data from train.csv
2025-04-23 19:12:15,593 - data_loader - INFO - Initial data shape: (1567, 29)
2025-04-23 19:12:15,593 - data_loader - INFO - Columns: ID, Year_Birth, Education, Marital_Status, Income, Kidhome, Teenhome, Dt_Customer, Recency, MntWines, MntFruits, MntMeatProducts, MntFishProducts, MntSweetProducts, MntGoldProds, NumDealsPurchases, NumWebPurchases, NumCatalogPurchases, NumStorePurchases, NumWebVisitsMonth, AcceptedCmp3, AcceptedCmp4, AcceptedCmp5, AcceptedCmp1, AcceptedCmp2, Complain, Z_CostContact, Z_Revenue, Target
2025-04-23 19:12:15,594 - data_loader - WARNING - Missing values detected:
Income             17
MntWines           23
MntMeatProducts     6
MntGoldProds       12
dtype: int64
2025-04-23 19:12:15,594 - data_loader - INFO - Converting Dt_Customer to datetime
2025-04-23 19:12:15,597 - data_loader - WARNING - Found 919 missing dates. Filling with median: 2013-06-10 00:00:00
2025-04-23 19:12:15,597 - data_loader - INFO - Creating Days_Since_Registration feature
2025-04-23 19:12:15,598 - data_loader - INFO - Filling 17 missing Income values with median
2025-04-23 19:12:15,598 - data_loader - INFO - Processing categorical column: Education
2025-04-23 19:12:15,598 - data_loader - INFO - Processing categorical column: Marital_Status
2025-04-23 19:12:15,599 - data_loader - WARNING - Capping 8 outliers in Income at 102002.30000000002
2025-04-23 19:12:15,600 - data_loader - WARNING - Found 3 unreasonable birth years. Capping between 1925 and 2007
2025-04-23 19:12:15,601 - data_loader - WARNING - There are still 41 missing values in the dataset
2025-04-23 19:12:15,603 - data_loader - INFO - Final data shape: (1567, 29)
2025-04-23 19:12:15,604 - data_loader - INFO - Missing values after preprocessing: 0
2025-04-23 19:12:15,604 - data_loader - INFO - Loading data from test.csv
2025-04-23 19:12:15,608 - data_loader - INFO - Initial data shape: (673, 28)
2025-04-23 19:12:15,608 - data_loader - INFO - Columns: ID, Year_Birth, Education, Marital_Status, Income, Kidhome, Teenhome, Dt_Customer, Recency, MntWines, MntFruits, MntMeatProducts, MntFishProducts, MntSweetProducts, MntGoldProds, NumDealsPurchases, NumWebPurchases, NumCatalogPurchases, NumStorePurchases, NumWebVisitsMonth, AcceptedCmp3, AcceptedCmp4, AcceptedCmp5, AcceptedCmp1, AcceptedCmp2, Complain, Z_CostContact, Z_Revenue
2025-04-23 19:12:15,608 - data_loader - WARNING - Missing values detected:
Income              7
MntWines           12
MntMeatProducts     9
MntGoldProds        7
dtype: int64
2025-04-23 19:12:15,608 - data_loader - INFO - Converting Dt_Customer to datetime
2025-04-23 19:12:15,612 - data_loader - WARNING - Found 268 missing dates. Filling with median: 2013-07-13 00:00:00
2025-04-23 19:12:15,612 - data_loader - INFO - Creating Days_Since_Registration feature
2025-04-23 19:12:15,612 - data_loader - INFO - Filling 7 missing Income values with median
2025-04-23 19:12:15,612 - data_loader - INFO - Processing categorical column: Education
2025-04-23 19:12:15,612 - data_loader - INFO - Processing categorical column: Marital_Status
2025-04-23 19:12:15,613 - data_loader - WARNING - Capping 4 outliers in Income at 107665.11999999976
2025-04-23 19:12:15,614 - data_loader - WARNING - There are still 28 missing values in the dataset
2025-04-23 19:12:15,616 - data_loader - INFO - Final data shape: (673, 28)
2025-04-23 19:12:15,617 - data_loader - INFO - Missing values after preprocessing: 0
2025-04-23 19:12:15,617 - feature_engineering - INFO - Feature Engineer initialized
2025-04-23 19:12:15,618 - feature_engineering - INFO - Fitting Feature Engineer
2025-04-23 19:12:15,618 - feature_engineering - INFO - Transforming data with Feature Engineer
2025-04-23 19:12:15,618 - feature_engineering - INFO - Input data shape: (1567, 29)
2025-04-23 19:12:15,618 - feature_engineering - INFO - Engineering demographic features
2025-04-23 19:12:15,619 - feature_engineering - INFO - Engineering purchase behavior features
2025-04-23 19:12:15,621 - feature_engineering - INFO - Engineering purchase channel features
2025-04-23 19:12:15,622 - feature_engineering - INFO - Engineering campaign features
2025-04-23 19:12:15,623 - feature_engineering - INFO - Engineering loyalty and engagement features
2025-04-23 19:12:15,623 - feature_engineering - INFO - One-hot encoding categorical features
2025-04-23 19:12:15,623 - feature_engineering - INFO - One-hot encoding Education
2025-04-23 19:12:15,625 - feature_engineering - INFO - One-hot encoding Marital_Status
2025-04-23 19:12:15,625 - feature_engineering - INFO - Creating interaction features
2025-04-23 19:12:15,626 - feature_engineering - INFO - Dropping redundant features
2025-04-23 19:12:15,626 - feature_engineering - INFO - Output data shape: (1567, 65)
2025-04-23 19:12:15,626 - feature_engineering - INFO - Engineered features: {'SweetProductsRatio', 'TenureYears', 'FruitsRatio', 'Marital_Status_Married', 'FishProductsRatio', 'PurchaseFrequency', 'Marital_Status_Together', 'CampaignAcceptanceRate', 'TotalSpent', 'Marital_Status_Divorced', 'WinesRatio', 'SpendingVolatility', 'WebEngagement_x_Age', 'RecencyRatio', 'Education_Unknown', 'AvgBasketSize', 'StoreRatio', 'HasChildren', 'MeatProductsRatio', 'TotalPurchases', 'Marital_Status_Widow', 'CatalogRatio', 'Education_Graduation', 'Age', 'Education_Basic', 'TotalAcceptedCampaigns', 'IncomePerMember', 'Education_Master', 'Marital_Status_Single', 'DealRatio', 'FamilySize', 'Education_PhD', 'ChildAdultRatio', 'SpentPerPerson', 'WebRatio', 'Age_x_Income', 'Marital_Status_Unknown', 'WebEngagementRatio', 'GoldProdsRatio'}
2025-04-23 19:12:15,626 - feature_engineering - INFO - Transforming data with Feature Engineer
2025-04-23 19:12:15,626 - feature_engineering - INFO - Input data shape: (673, 28)
2025-04-23 19:12:15,627 - feature_engineering - INFO - Engineering demographic features
2025-04-23 19:12:15,628 - feature_engineering - INFO - Engineering purchase behavior features
2025-04-23 19:12:15,630 - feature_engineering - INFO - Engineering purchase channel features
2025-04-23 19:12:15,631 - feature_engineering - INFO - Engineering campaign features
2025-04-23 19:12:15,631 - feature_engineering - INFO - Engineering loyalty and engagement features
2025-04-23 19:12:15,632 - feature_engineering - INFO - One-hot encoding categorical features
2025-04-23 19:12:15,632 - feature_engineering - INFO - One-hot encoding Education
2025-04-23 19:12:15,633 - feature_engineering - INFO - One-hot encoding Marital_Status
2025-04-23 19:12:15,633 - feature_engineering - INFO - Creating interaction features
2025-04-23 19:12:15,634 - feature_engineering - INFO - Dropping redundant features
2025-04-23 19:12:15,634 - feature_engineering - INFO - Output data shape: (673, 65)
2025-04-23 19:12:15,634 - feature_engineering - INFO - Engineered features: {'SweetProductsRatio', 'TenureYears', 'FruitsRatio', 'Marital_Status_Married', 'FishProductsRatio', 'PurchaseFrequency', 'Marital_Status_Together', 'Marital_Status_YOLO', 'CampaignAcceptanceRate', 'TotalSpent', 'Marital_Status_Divorced', 'WinesRatio', 'SpendingVolatility', 'WebEngagement_x_Age', 'RecencyRatio', 'Education_Unknown', 'AvgBasketSize', 'StoreRatio', 'HasChildren', 'MeatProductsRatio', 'TotalPurchases', 'Marital_Status_Widow', 'CatalogRatio', 'Education_Graduation', 'Age', 'Education_Basic', 'TotalAcceptedCampaigns', 'IncomePerMember', 'Education_Master', 'Marital_Status_Single', 'DealRatio', 'FamilySize', 'Education_PhD', 'ChildAdultRatio', 'SpentPerPerson', 'WebRatio', 'Age_x_Income', 'Marital_Status_Unknown', 'WebEngagementRatio', 'GoldProdsRatio'}
